<?xml version="1.0" encoding="UTF-8"?>
<!-- Generated by org.testng.reporters.JUnitReportReporter -->
<testsuite hostname="DESKTOP-CPNL6G4" failures="0" tests="6" name="bankguru.customer.Customer_03_Detele_Customer" time="2.542" errors="0" timestamp="05 Aug 2021 03:07:49 GMT" skipped="0">
  <testcase classname="bankguru.customer.Customer_03_Detele_Customer" name="TC_01_Delete_Customer_CustomerID_Canot_Be_Empty" time="0.465"/>
  <testcase classname="bankguru.customer.Customer_03_Detele_Customer" name="TC_02_Delete_Customer_CustomerID_Must_Be_Numeric" time="0.206"/>
  <testcase classname="bankguru.customer.Customer_03_Detele_Customer" name="TC_04_Delete_Customer_CustomerID_With_Name_Can_Not_Have_First_Character_As_Blank" time="0.213"/>
  <testcase classname="bankguru.customer.Customer_03_Detele_Customer" name="TC_06_Delete_Customer_CustomerID_With_Pin_Can_Not_Have_Blank_Space" time="0.168"/>
  <testcase classname="bankguru.customer.Customer_03_Detele_Customer" name="TC_07_Delete_Customer_CustomerID_With_Valid_Customer_ID" time="1.295"/>
  <testcase classname="bankguru.customer.Customer_03_Detele_Customer" name="TC_03_Delete_Customer_CustomerID_Can_Not_Have_Special_Characters" time="0.195"/>
</testsuite> <!-- bankguru.customer.Customer_03_Detele_Customer -->
