<?xml version="1.0" encoding="UTF-8"?>
<!-- Generated by org.testng.reporters.JUnitReportReporter -->
<testsuite hostname="DESKTOP-CPNL6G4" failures="0" tests="20" name="bankguru.customer.Customer_02_Edit_Customer" time="5.235" errors="0" timestamp="04 Aug 2021 15:58:13 GMT" skipped="0">
  <testcase classname="bankguru.customer.Customer_02_Edit_Customer" name="TC_16_Edit_Customer_With_Mobile_Number_Can_Not_Have_First_Character_As_Blank" time="0.155"/>
  <testcase classname="bankguru.customer.Customer_02_Edit_Customer" name="TC_02_Edit_Customer_CustomerID_Must_Be_Numeric" time="0.207"/>
  <testcase classname="bankguru.customer.Customer_02_Edit_Customer" name="TC_10_Edit_Customer_With_State_Can_Not_Be_Numeric" time="0.143"/>
  <testcase classname="bankguru.customer.Customer_02_Edit_Customer" name="TC_06_Edit_Customer_City_Can_Not_Be_Empty" time="0.357"/>
  <testcase classname="bankguru.customer.Customer_02_Edit_Customer" name="TC_04_Edit_Customer_CustomerID_Valid_Customer_ID" time="0.854"/>
  <testcase classname="bankguru.customer.Customer_02_Edit_Customer" name="TC_19_Edit_Customer_With_Email_Must_Be_In_Correct_Format" time="0.134"/>
  <testcase classname="bankguru.customer.Customer_02_Edit_Customer" name="TC_11_Edit_Customer_With_State_Can_Not_Have_Special_Characters" time="0.138"/>
  <testcase classname="bankguru.customer.Customer_02_Edit_Customer" name="TC_01_Edit_Customer_CustomerID_Canot_Be_Empty" time="0.510"/>
  <testcase classname="bankguru.customer.Customer_02_Edit_Customer" name="TC_12_Edit_Customer_With_Pin_Can_Not_Be_Empty" time="0.327"/>
  <testcase classname="bankguru.customer.Customer_02_Edit_Customer" name="TC_17_Edit_Customer_With_Mobile_Number_Pin_Can_Not_Have_Special_Characters" time="0.150"/>
  <testcase classname="bankguru.customer.Customer_02_Edit_Customer" name="TC_07_Edit_Customer_City_Can_Not_Be_Numeric" time="0.159"/>
  <testcase classname="bankguru.customer.Customer_02_Edit_Customer" name="TC_08_Edit_Customer_City_With_Name_Can_Not_Have_Special_Characters" time="0.173"/>
  <testcase classname="bankguru.customer.Customer_02_Edit_Customer" name="TC_14_Edit_Customer_With_Pin_Can_Not_Have_Special_Characters" time="0.145"/>
  <testcase classname="bankguru.customer.Customer_02_Edit_Customer" name="TC_18_Edit_Customer_With_Email_Can_Not_Be_Empty" time="0.296"/>
  <testcase classname="bankguru.customer.Customer_02_Edit_Customer" name="TC_15_Edit_Customer_With_With_Pin_Must_Have_6_Digits" time="0.144"/>
  <testcase classname="bankguru.customer.Customer_02_Edit_Customer" name="TC_13_Edit_Customer_With_Pin_Must_Be_Numeric" time="0.138"/>
  <testcase classname="bankguru.customer.Customer_02_Edit_Customer" name="TC_15_Edit_Customer_With_Mobile_Number_Can_Not_Be_Empty" time="0.339"/>
  <testcase classname="bankguru.customer.Customer_02_Edit_Customer" name="TC_05_Edit_Customer_Address_Can_Not_Be_Empty" time="0.358"/>
  <testcase classname="bankguru.customer.Customer_02_Edit_Customer" name="TC_09_Edit_Customer_With_State_Can_Not_Be_Empty" time="0.331"/>
  <testcase classname="bankguru.customer.Customer_02_Edit_Customer" name="TC_03_Edit_Customer_CustomerID_Can_Not_Have_Special_Characters" time="0.177"/>
</testsuite> <!-- bankguru.customer.Customer_02_Edit_Customer -->
