<?xml version="1.0" encoding="UTF-8"?>
<!-- Generated by org.testng.reporters.JUnitReportReporter -->
<testsuite hostname="DESKTOP-CPNL6G4" failures="0" tests="29" name="bankguru.customer.Customer_01_New_Customer" time="5.363" errors="0" timestamp="05 Aug 2021 02:49:52 GMT" skipped="0">
  <testcase classname="bankguru.customer.Customer_01_New_Customer" name="TC_21_New_Customer_With_Mobile_Number_Can_Not_Be_Empty" time="0.281"/>
  <testcase classname="bankguru.customer.Customer_01_New_Customer" name="TC_04_New_Customer_With_Name_Can_Not_Have_First_Character_As_Blank" time="0.120"/>
  <testcase classname="bankguru.customer.Customer_01_New_Customer" name="TC_17_New_Customer_With_Pin_Can_Not_Have_Special_Characters" time="0.101"/>
  <testcase classname="bankguru.customer.Customer_01_New_Customer" name="TC_23_New_Customer_With_Mobile_Number_Can_Not_Have_Blank_Space" time="0.083"/>
  <testcase classname="bankguru.customer.Customer_01_New_Customer" name="TC_18_New_Customer_With_Pin_Can_Not_Have_First_Character_As_Blank" time="0.122"/>
  <testcase classname="bankguru.customer.Customer_01_New_Customer" name="TC_20_New_Customer_With_Pin_Can_Not_Have_First_Character_As_Blank" time="0.099"/>
  <testcase classname="bankguru.customer.Customer_01_New_Customer" name="TC_28_New_Customer_With_All_Fields_Are_As_Requirement" time="0.449"/>
  <testcase classname="bankguru.customer.Customer_01_New_Customer" name="TC_25_New_Customer_With_Email_Can_Not_Be_Empty" time="0.298"/>
  <testcase classname="bankguru.customer.Customer_01_New_Customer" name="TC_07_New_Customer_With_City_Can_Not_Be_Empty" time="0.263"/>
  <testcase classname="bankguru.customer.Customer_01_New_Customer" name="TC_02_New_Customer_With_Name_Can_Not_Be_Numeric" time="0.157"/>
  <testcase classname="bankguru.customer.Customer_01_New_Customer" name="TC_05_New_Customer_With_Address_Can_Not_Be_Empty" time="0.328"/>
  <testcase classname="bankguru.customer.Customer_01_New_Customer" name="TC_06_New_Customer_With_Address_Can_Not_Have_First_Character_As_Blank" time="0.097"/>
  <testcase classname="bankguru.customer.Customer_01_New_Customer" name="TC_19_New_Customer_With_Pin_Can_Not_Have_Blank_Space" time="0.097"/>
  <testcase classname="bankguru.customer.Customer_01_New_Customer" name="TC_19_New_Customer_With_Pin_Must_Have_6_Digits" time="0.083"/>
  <testcase classname="bankguru.customer.Customer_01_New_Customer" name="TC_08_New_Customer_With_City_Can_Not_Be_Numeric" time="0.094"/>
  <testcase classname="bankguru.customer.Customer_01_New_Customer" name="TC_22_New_Customer_With_Mobile_Number_Can_Not_Have_First_Character_As_Blank" time="0.083"/>
  <testcase classname="bankguru.customer.Customer_01_New_Customer" name="TC_26_New_Customer_With_Email_Must_Be_In_Correct_Format" time="0.085"/>
  <testcase classname="bankguru.customer.Customer_01_New_Customer" name="TC_12_New_Customer_With_State_Can_Not_Be_Numeric" time="0.081"/>
  <testcase classname="bankguru.customer.Customer_01_New_Customer" name="TC_27_New_Customer_With_Email_Can_Not_Have_Blank_Space" time="0.094"/>
  <testcase classname="bankguru.customer.Customer_01_New_Customer" name="TC_10_New_Customer_With_City_Can_Not_Have_First_Character_As_Blank" time="0.091"/>
  <testcase classname="bankguru.customer.Customer_01_New_Customer" name="TC_16_New_Customer_With_Pin_Must_Be_Numeric" time="0.087"/>
  <testcase classname="bankguru.customer.Customer_01_New_Customer" name="TC_11_New_Customer_With_State_Can_Not_Be_Empty" time="0.257"/>
  <testcase classname="bankguru.customer.Customer_01_New_Customer" name="TC_15_New_Customer_With_Pin_Can_Not_Be_Empty" time="0.263"/>
  <testcase classname="bankguru.customer.Customer_01_New_Customer" name="TC_13_New_Customer_With_State_Can_Not_Have_Special_Characters" time="0.088"/>
  <testcase classname="bankguru.customer.Customer_01_New_Customer" name="TC_09_New_Customer_With_Name_Can_Not_Have_Special_Characters" time="0.098"/>
  <testcase classname="bankguru.customer.Customer_01_New_Customer" name="TC_24_New_Customer_Mobile_Number_Pin_Can_Not_Have_Special_Characters" time="0.099"/>
  <testcase classname="bankguru.customer.Customer_01_New_Customer" name="TC_01_New_Customer_With_Name_Can_Not_Be_Empty" time="1.083"/>
  <testcase classname="bankguru.customer.Customer_01_New_Customer" name="TC_03_New_Customer_With_Name_Can_Not_Have_Special_Characters" time="0.186"/>
  <testcase classname="bankguru.customer.Customer_01_New_Customer" name="TC_14_New_Customer_With_State_Can_Not_Have_First_Character_As_Blank" time="0.096"/>
</testsuite> <!-- bankguru.customer.Customer_01_New_Customer -->
