<?xml version="1.0" encoding="UTF-8"?>
<!-- Generated by org.testng.reporters.JUnitReportReporter -->
<testsuite hostname="DESKTOP-CPNL6G4" failures="0" tests="4" name="bankguru.customer.Customer_07_Ministatement" time="1.888" errors="0" timestamp="05 Aug 2021 08:22:47 GMT" skipped="0">
  <testcase classname="bankguru.customer.Customer_07_Ministatement" name="TC_04_Mini_Statement_AccountNo_Valid_AccountNo" time="0.971"/>
  <testcase classname="bankguru.customer.Customer_07_Ministatement" name="TC_03_Mini_Statement_AccountNo_Can_Not_Have_Special_Characters" time="0.165"/>
  <testcase classname="bankguru.customer.Customer_07_Ministatement" name="TC_01_Mini_Statement_AccountNo_Canot_Be_Empty" time="0.515"/>
  <testcase classname="bankguru.customer.Customer_07_Ministatement" name="TC_02_Mini_Statement_AccountNo_Must_Be_Numeric" time="0.237"/>
</testsuite> <!-- bankguru.customer.Customer_07_Ministatement -->
