<?xml version="1.0" encoding="UTF-8"?>
<!-- Generated by org.testng.reporters.JUnitReportReporter -->
<testsuite hostname="DESKTOP-CPNL6G4" failures="0" tests="5" name="bankguru.customer.Customer_10_Change_Password" time="1.330" errors="0" timestamp="05 Aug 2021 15:41:12 GMT" skipped="0">
  <testcase classname="bankguru.customer.Customer_10_Change_Password" name="TC_05_Change_Password_New_Password_Cannot_Have_Password_With_String_Password" time="0.156"/>
  <testcase classname="bankguru.customer.Customer_10_Change_Password" name="TC_02_Change_Password_New_Password_Can_Not_Be_Empty" time="0.381"/>
  <testcase classname="bankguru.customer.Customer_10_Change_Password" name="TC_04_Change_Password_New_Password_Must_Have_One_Special_Character" time="0.150"/>
  <testcase classname="bankguru.customer.Customer_10_Change_Password" name="TC_03_Change_Password_New_Password_Must_Have_One_Numeric_Value" time="0.137"/>
  <testcase classname="bankguru.customer.Customer_10_Change_Password" name="TC_01_Change_Password_Old_Password_Can_Not_Be_Empty" time="0.506"/>
</testsuite> <!-- bankguru.customer.Customer_10_Change_Password -->
