<?xml version="1.0" encoding="UTF-8"?>
<!-- Generated by org.testng.reporters.JUnitReportReporter -->
<testsuite hostname="DESKTOP-CPNL6G4" failures="0" tests="9" name="bankguru.customer.Customer_09_Fund_Transfer" time="2.258" errors="0" timestamp="05 Aug 2021 14:49:58 GMT" skipped="0">
  <testcase classname="bankguru.customer.Customer_09_Fund_Transfer" name="TC_07_Fund_Transfer_Amount_Canot_Be_Empty" time="0.338"/>
  <testcase classname="bankguru.customer.Customer_09_Fund_Transfer" name="TC_02_Fund_Transfer_Payers_Account_No_Must_Be_Numeric" time="0.181"/>
  <testcase classname="bankguru.customer.Customer_09_Fund_Transfer" name="TC_05_Fund_Transfer_Payees_Account_No_Must_Be_Numeric" time="0.151"/>
  <testcase classname="bankguru.customer.Customer_09_Fund_Transfer" name="TC_01_Fund_Transfer_Payers_Account_No_Canot_Be_Empty" time="0.563"/>
  <testcase classname="bankguru.customer.Customer_09_Fund_Transfer" name="TC_09_Fund_Transfer_Amount_Can_Not_Have_Special_Characters" time="0.139"/>
  <testcase classname="bankguru.customer.Customer_09_Fund_Transfer" name="TC_03_Fund_Transfer_Payers_Account_No_Can_Not_Have_Special_Characters" time="0.206"/>
  <testcase classname="bankguru.customer.Customer_09_Fund_Transfer" name="TC_04_Fund_Transfer_Payees_Account_No_Canot_Be_Empty" time="0.395"/>
  <testcase classname="bankguru.customer.Customer_09_Fund_Transfer" name="TC_06_Fund_Transfer_Payees_Account_No_Can_Not_Have_Special_Characters" time="0.141"/>
  <testcase classname="bankguru.customer.Customer_09_Fund_Transfer" name="TC_08_Fund_Transfer_Amount_Must_Be_Numeric" time="0.144"/>
</testsuite> <!-- bankguru.customer.Customer_09_Fund_Transfer -->
