<?xml version="1.0" encoding="UTF-8"?>
<!-- Generated by org.testng.reporters.JUnitReportReporter -->
<testsuite hostname="DESKTOP-CPNL6G4" failures="0" tests="1" name="bankguru.customer.Customer_02_Edit_Customer" time="0.116" errors="0" timestamp="05 Aug 2021 03:06:29 GMT" skipped="0">
  <testcase classname="bankguru.customer.Customer_02_Edit_Customer" name="ABC" time="0.116"/>
</testsuite> <!-- bankguru.customer.Customer_02_Edit_Customer -->
