<?xml version="1.0" encoding="UTF-8"?>
<!-- Generated by org.testng.reporters.JUnitReportReporter -->
<testsuite hostname="DESKTOP-CPNL6G4" failures="0" tests="7" name="bankguru.customer.Customer_10_Change_Password" time="5.046" errors="0" timestamp="06 Aug 2021 01:51:22 GMT" skipped="0">
  <testcase classname="bankguru.customer.Customer_10_Change_Password" name="TC_01_Change_Password_Old_Password_Can_Not_Be_Empty" time="0.570"/>
  <testcase classname="bankguru.customer.Customer_10_Change_Password" name="TC_02_Change_Password_New_Password_Can_Not_Be_Empty" time="0.401"/>
  <testcase classname="bankguru.customer.Customer_10_Change_Password" name="TC_04_Change_Password_New_Password_Must_Have_One_Special_Character" time="0.147"/>
  <testcase classname="bankguru.customer.Customer_10_Change_Password" name="TC_07_Change_Password_With_Matched_Password" time="3.316"/>
  <testcase classname="bankguru.customer.Customer_10_Change_Password" name="TC_03_Change_Password_New_Password_Must_Have_One_Numeric_Value" time="0.139"/>
  <testcase classname="bankguru.customer.Customer_10_Change_Password" name="TC_05_Change_Password_New_Password_Cannot_Have_Password_With_String_Password" time="0.152"/>
  <testcase classname="bankguru.customer.Customer_10_Change_Password" name="TC_06_Change_Password_Confirm_Password_Must_Be_Matched" time="0.321"/>
</testsuite> <!-- bankguru.customer.Customer_10_Change_Password -->
