<?xml version="1.0" encoding="UTF-8"?>
<!-- Generated by org.testng.reporters.JUnitReportReporter -->
<testsuite hostname="DESKTOP-CPNL6G4" failures="0" tests="11" name="bankguru.customer.Customer_04_New_Account" time="3.464" errors="0" timestamp="05 Aug 2021 03:45:11 GMT" skipped="0">
  <testcase classname="bankguru.customer.Customer_04_New_Account" name="TC_03_Delete_Customer_CustomerID_Can_Not_Have_Special_Characters" time="0.157"/>
  <testcase classname="bankguru.customer.Customer_04_New_Account" name="TC_04_New_Account_CustomerID_Can_Not_Have_First_Character_As_Blank" time="0.155"/>
  <testcase classname="bankguru.customer.Customer_04_New_Account" name="TC_10_New_Account_Initial_Deposit_Can_Not_Have_Blank_Space" time="0.135"/>
  <testcase classname="bankguru.customer.Customer_04_New_Account" name="TC_05_New_Account_CustomerID_Can_Not_Have_Blank_Space" time="0.136"/>
  <testcase classname="bankguru.customer.Customer_04_New_Account" name="TC_07_New_Account_Initial_Deposit_Must_Be_Numeric" time="0.152"/>
  <testcase classname="bankguru.customer.Customer_04_New_Account" name="TC_01_New_Account_CustomerID_Canot_Be_Empty" time="0.469"/>
  <testcase classname="bankguru.customer.Customer_04_New_Account" name="TC_11_New_Account_Create_A_New_Account" time="1.447"/>
  <testcase classname="bankguru.customer.Customer_04_New_Account" name="TC_02_New_Account_CustomerID_Must_Be_Numeric" time="0.187"/>
  <testcase classname="bankguru.customer.Customer_04_New_Account" name="TC_09_New_Account_Initial_Deposit_Can_Not_Have_First_Character_As_Blank" time="0.141"/>
  <testcase classname="bankguru.customer.Customer_04_New_Account" name="TC_06_New_Account_Initial_Deposit_Canot_Be_Empty" time="0.351"/>
  <testcase classname="bankguru.customer.Customer_04_New_Account" name="TC_08_Delete_Customer_Initial_Deposit_Can_Not_Have_Special_Characters" time="0.134"/>
</testsuite> <!-- bankguru.customer.Customer_04_New_Account -->
