<?xml version="1.0" encoding="UTF-8"?>
<!-- Generated by org.testng.reporters.JUnitReportReporter -->
<testsuite hostname="DESKTOP-CPNL6G4" failures="0" tests="6" name="bankguru.customer.Customer_06_Delete_Account" time="2.541" errors="0" timestamp="05 Aug 2021 07:58:52 GMT" skipped="0">
  <testcase classname="bankguru.customer.Customer_06_Delete_Account" name="TC_01_Delete_Account_AccountNo_Canot_Be_Empty" time="0.522"/>
  <testcase classname="bankguru.customer.Customer_06_Delete_Account" name="TC_06_Delete_Account_AccountNo_With_Valid_AccountNo" time="1.341"/>
  <testcase classname="bankguru.customer.Customer_06_Delete_Account" name="TC_05_Delete_Account_AccountNo_Can_Not_Have_Blank_Space" time="0.145"/>
  <testcase classname="bankguru.customer.Customer_06_Delete_Account" name="TC_02_Delete_Account_AccountNo_Must_Be_Numeric" time="0.202"/>
  <testcase classname="bankguru.customer.Customer_06_Delete_Account" name="TC_03_Delete_Account_AccountNo_Can_Not_Have_Special_Characters" time="0.181"/>
  <testcase classname="bankguru.customer.Customer_06_Delete_Account" name="TC_04_Delete_Account_AccountNo_Can_Not_Have_First_Character_As_Blank" time="0.150"/>
</testsuite> <!-- bankguru.customer.Customer_06_Delete_Account -->
