<?xml version="1.0" encoding="UTF-8"?>
<!-- Generated by org.testng.reporters.JUnitReportReporter -->
<testsuite hostname="DESKTOP-CPNL6G4" failures="0" tests="8" name="bankguru.customer.Customer_08_Customized_Statement" time="3.292" errors="0" timestamp="05 Aug 2021 09:27:45 GMT" skipped="0">
  <testcase classname="bankguru.customer.Customer_08_Customized_Statement" name="TC_01_Customized_Statement_AccountNo_Canot_Be_Empty" time="0.564"/>
  <testcase classname="bankguru.customer.Customer_08_Customized_Statement" name="TC_07_Customized_Statement_Number_Of_Transaction_Can_Not_Have_Special_Characters" time="0.148"/>
  <testcase classname="bankguru.customer.Customer_08_Customized_Statement" name="TC_06_Customized_Statement_Number_Of_Transaction_Must_Be_Numeric" time="0.196"/>
  <testcase classname="bankguru.customer.Customer_08_Customized_Statement" name="TC_05_Customized_Statement_Minimum_Transaction_Value_Can_Not_Have_Special_Characters" time="0.165"/>
  <testcase classname="bankguru.customer.Customer_08_Customized_Statement" name="TC_08_Customized_Statement_With_Valid_Information" time="1.479"/>
  <testcase classname="bankguru.customer.Customer_08_Customized_Statement" name="TC_02_Customized_Statement_AccountNo_Must_Be_Numeric" time="0.260"/>
  <testcase classname="bankguru.customer.Customer_08_Customized_Statement" name="TC_03_Customized_Statement_AccountNo_Can_Not_Have_Special_Characters" time="0.221"/>
  <testcase classname="bankguru.customer.Customer_08_Customized_Statement" name="TC_04_Customized_Statement_Minimum_Transaction_Value_Must_Be_Numeric" time="0.259"/>
</testsuite> <!-- bankguru.customer.Customer_08_Customized_Statement -->
