<?xml version="1.0" encoding="UTF-8"?>
<!-- Generated by org.testng.reporters.JUnitReportReporter -->
<testsuite hostname="DESKTOP-CPNL6G4" failures="0" tests="4" name="bankguru.customer.Customer_05_Edit_Account" time="2.278" errors="0" timestamp="05 Aug 2021 07:41:01 GMT" skipped="0">
  <testcase classname="bankguru.customer.Customer_05_Edit_Account" name="TC_03_Edit_Account_AccountNo_Can_Not_Have_Special_Characters" time="0.138"/>
  <testcase classname="bankguru.customer.Customer_05_Edit_Account" name="TC_02_Edit_Account_AccountNo_Must_Be_Numeric" time="0.171"/>
  <testcase classname="bankguru.customer.Customer_05_Edit_Account" name="TC_01_Edit_Account_AccountNo_Canot_Be_Empty" time="0.498"/>
  <testcase classname="bankguru.customer.Customer_05_Edit_Account" name="TC_04_Edit_Account_AccountNo_Valid_AccountNo" time="1.471"/>
</testsuite> <!-- bankguru.customer.Customer_05_Edit_Account -->
