<?xml version="1.0" encoding="UTF-8"?>
<!-- Generated by org.testng.reporters.JUnitReportReporter -->
<testsuite hostname="DESKTOP-CPNL6G4" failures="0" tests="29" name="bankguru.customer.Customer_01_New_Customer" time="7.193" errors="0" timestamp="04 Aug 2021 15:53:06 GMT" skipped="0">
  <testcase classname="bankguru.customer.Customer_01_New_Customer" name="TC_08_New_Customer_With_City_Can_Not_Be_Numeric" time="0.177"/>
  <testcase classname="bankguru.customer.Customer_01_New_Customer" name="TC_07_New_Customer_With_City_Can_Not_Be_Empty" time="0.356"/>
  <testcase classname="bankguru.customer.Customer_01_New_Customer" name="TC_18_New_Customer_With_Pin_Can_Not_Have_First_Character_As_Blank" time="0.131"/>
  <testcase classname="bankguru.customer.Customer_01_New_Customer" name="TC_02_New_Customer_With_Name_Can_Not_Be_Numeric" time="0.205"/>
  <testcase classname="bankguru.customer.Customer_01_New_Customer" name="TC_01_New_Customer_With_Name_Can_Not_Be_Empty" time="1.250"/>
  <testcase classname="bankguru.customer.Customer_01_New_Customer" name="TC_19_New_Customer_With_Pin_Can_Not_Have_Blank_Space" time="0.142"/>
  <testcase classname="bankguru.customer.Customer_01_New_Customer" name="TC_03_New_Customer_With_Name_Can_Not_Have_Special_Characters" time="0.247"/>
  <testcase classname="bankguru.customer.Customer_01_New_Customer" name="TC_10_New_Customer_With_City_Can_Not_Have_First_Character_As_Blank" time="0.159"/>
  <testcase classname="bankguru.customer.Customer_01_New_Customer" name="TC_28_New_Customer_With_All_Fields_Are_As_Requirement" time="0.492"/>
  <testcase classname="bankguru.customer.Customer_01_New_Customer" name="TC_20_New_Customer_With_Pin_Can_Not_Have_First_Character_As_Blank" time="0.162"/>
  <testcase classname="bankguru.customer.Customer_01_New_Customer" name="TC_16_New_Customer_With_Pin_Must_Be_Numeric" time="0.172"/>
  <testcase classname="bankguru.customer.Customer_01_New_Customer" name="TC_17_New_Customer_With_Pin_Can_Not_Have_Special_Characters" time="0.182"/>
  <testcase classname="bankguru.customer.Customer_01_New_Customer" name="TC_24_New_Customer_Mobile_Number_Pin_Can_Not_Have_Special_Characters" time="0.141"/>
  <testcase classname="bankguru.customer.Customer_01_New_Customer" name="TC_23_New_Customer_With_Mobile_Number_Can_Not_Have_Blank_Space" time="0.134"/>
  <testcase classname="bankguru.customer.Customer_01_New_Customer" name="TC_26_New_Customer_With_Email_Must_Be_In_Correct_Format" time="0.151"/>
  <testcase classname="bankguru.customer.Customer_01_New_Customer" name="TC_11_New_Customer_With_State_Can_Not_Be_Empty" time="0.334"/>
  <testcase classname="bankguru.customer.Customer_01_New_Customer" name="TC_13_New_Customer_With_State_Can_Not_Have_Special_Characters" time="0.154"/>
  <testcase classname="bankguru.customer.Customer_01_New_Customer" name="TC_06_New_Customer_With_Address_Can_Not_Have_First_Character_As_Blank" time="0.145"/>
  <testcase classname="bankguru.customer.Customer_01_New_Customer" name="TC_27_New_Customer_With_Email_Can_Not_Have_Blank_Space" time="0.146"/>
  <testcase classname="bankguru.customer.Customer_01_New_Customer" name="TC_21_New_Customer_With_Mobile_Number_Can_Not_Be_Empty" time="0.337"/>
  <testcase classname="bankguru.customer.Customer_01_New_Customer" name="TC_25_New_Customer_With_Email_Can_Not_Be_Empty" time="0.308"/>
  <testcase classname="bankguru.customer.Customer_01_New_Customer" name="TC_14_New_Customer_With_State_Can_Not_Have_First_Character_As_Blank" time="0.172"/>
  <testcase classname="bankguru.customer.Customer_01_New_Customer" name="TC_15_New_Customer_With_Pin_Can_Not_Be_Empty" time="0.346"/>
  <testcase classname="bankguru.customer.Customer_01_New_Customer" name="TC_04_New_Customer_With_Name_Can_Not_Have_First_Character_As_Blank" time="0.174"/>
  <testcase classname="bankguru.customer.Customer_01_New_Customer" name="TC_09_New_Customer_With_Name_Can_Not_Have_Special_Characters" time="0.171"/>
  <testcase classname="bankguru.customer.Customer_01_New_Customer" name="TC_05_New_Customer_With_Address_Can_Not_Be_Empty" time="0.355"/>
  <testcase classname="bankguru.customer.Customer_01_New_Customer" name="TC_12_New_Customer_With_State_Can_Not_Be_Numeric" time="0.163"/>
  <testcase classname="bankguru.customer.Customer_01_New_Customer" name="TC_22_New_Customer_With_Mobile_Number_Can_Not_Have_First_Character_As_Blank" time="0.147"/>
  <testcase classname="bankguru.customer.Customer_01_New_Customer" name="TC_19_New_Customer_With_Pin_Must_Have_6_Digits" time="0.140"/>
</testsuite> <!-- bankguru.customer.Customer_01_New_Customer -->
